[1.355s] Invoking command in '/home/aseel/scout_drone/src/drone_scout': PYTHONPATH=/home/aseel/scout_drone/build/drone_scout/prefix_override:/usr/lib/python3/dist-packages/colcon_core/task/python/colcon_distutils_commands:/home/aseel/scout_drone/install/drone_scout/lib/python3.10/site-packages:${PYTHONPATH} /usr/bin/python3 -W ignore:setup.py install is deprecated -W ignore:easy_install command is deprecated setup.py egg_info --egg-base ../../build/drone_scout build --build-base /home/aseel/scout_drone/build/drone_scout/build install --record /home/aseel/scout_drone/build/drone_scout/install.log --single-version-externally-managed install_data
[2.095s] running egg_info
[2.101s] writing ../../build/drone_scout/drone_scout.egg-info/PKG-INFO
[2.102s] writing dependency_links to ../../build/drone_scout/drone_scout.egg-info/dependency_links.txt
[2.102s] writing entry points to ../../build/drone_scout/drone_scout.egg-info/entry_points.txt
[2.102s] writing requirements to ../../build/drone_scout/drone_scout.egg-info/requires.txt
[2.102s] writing top-level names to ../../build/drone_scout/drone_scout.egg-info/top_level.txt
[2.109s] reading manifest file '../../build/drone_scout/drone_scout.egg-info/SOURCES.txt'
[2.110s] writing manifest file '../../build/drone_scout/drone_scout.egg-info/SOURCES.txt'
[2.110s] running build
[2.110s] running build_py
[2.110s] copying drone_scout/waypoint_generate.py -> /home/aseel/scout_drone/build/drone_scout/build/lib/drone_scout
[2.124s] running install
[2.124s] running install_lib
[2.124s] copying /home/aseel/scout_drone/build/drone_scout/build/lib/drone_scout/waypoint_generate.py -> /home/aseel/scout_drone/install/drone_scout/lib/python3.10/site-packages/drone_scout
[2.124s] byte-compiling /home/aseel/scout_drone/install/drone_scout/lib/python3.10/site-packages/drone_scout/waypoint_generate.py to waypoint_generate.cpython-310.pyc
[2.134s] running install_data
[2.134s] running install_egg_info
[2.141s] removing '/home/aseel/scout_drone/install/drone_scout/lib/python3.10/site-packages/drone_scout-0.0.0-py3.10.egg-info' (and everything under it)
[2.141s] Copying ../../build/drone_scout/drone_scout.egg-info to /home/aseel/scout_drone/install/drone_scout/lib/python3.10/site-packages/drone_scout-0.0.0-py3.10.egg-info
[2.151s] running install_scripts
[2.196s] Installing cam_csi script to /home/aseel/scout_drone/install/drone_scout/lib/drone_scout
[2.197s] Installing cam_gazebo script to /home/aseel/scout_drone/install/drone_scout/lib/drone_scout
[2.197s] Installing cam_test script to /home/aseel/scout_drone/install/drone_scout/lib/drone_scout
[2.198s] Installing drone_status script to /home/aseel/scout_drone/install/drone_scout/lib/drone_scout
[2.198s] Installing geotag script to /home/aseel/scout_drone/install/drone_scout/lib/drone_scout
[2.198s] Installing inference script to /home/aseel/scout_drone/install/drone_scout/lib/drone_scout
[2.200s] Installing mission_commander script to /home/aseel/scout_drone/install/drone_scout/lib/drone_scout
[2.202s] Installing waypoint_generate script to /home/aseel/scout_drone/install/drone_scout/lib/drone_scout
[2.202s] writing list of installed files to '/home/aseel/scout_drone/build/drone_scout/install.log'
[2.310s] Invoked command in '/home/aseel/scout_drone/src/drone_scout' returned '0': PYTHONPATH=/home/aseel/scout_drone/build/drone_scout/prefix_override:/usr/lib/python3/dist-packages/colcon_core/task/python/colcon_distutils_commands:/home/aseel/scout_drone/install/drone_scout/lib/python3.10/site-packages:${PYTHONPATH} /usr/bin/python3 -W ignore:setup.py install is deprecated -W ignore:easy_install command is deprecated setup.py egg_info --egg-base ../../build/drone_scout build --build-base /home/aseel/scout_drone/build/drone_scout/build install --record /home/aseel/scout_drone/build/drone_scout/install.log --single-version-externally-managed install_data
