[1.385s] Invoking command in '/home/aseel/scout_drone/src/drone_scout': PYTHONPATH=/home/aseel/scout_drone/build/drone_scout/prefix_override:/usr/lib/python3/dist-packages/colcon_core/task/python/colcon_distutils_commands:/home/aseel/scout_drone/install/drone_scout/lib/python3.10/site-packages:${PYTHONPATH} /usr/bin/python3 -W ignore:setup.py install is deprecated -W ignore:easy_install command is deprecated setup.py egg_info --egg-base ../../build/drone_scout build --build-base /home/aseel/scout_drone/build/drone_scout/build install --record /home/aseel/scout_drone/build/drone_scout/install.log --single-version-externally-managed install_data
[2.015s] running egg_info
[2.018s] writing ../../build/drone_scout/drone_scout.egg-info/PKG-INFO
[2.018s] writing dependency_links to ../../build/drone_scout/drone_scout.egg-info/dependency_links.txt
[2.019s] writing entry points to ../../build/drone_scout/drone_scout.egg-info/entry_points.txt
[2.020s] writing requirements to ../../build/drone_scout/drone_scout.egg-info/requires.txt
[2.020s] writing top-level names to ../../build/drone_scout/drone_scout.egg-info/top_level.txt
[2.027s] reading manifest file '../../build/drone_scout/drone_scout.egg-info/SOURCES.txt'
[2.028s] writing manifest file '../../build/drone_scout/drone_scout.egg-info/SOURCES.txt'
[2.029s] running build
[2.029s] running build_py
[2.029s] copying drone_scout/mission_commander.py -> /home/aseel/scout_drone/build/drone_scout/build/lib/drone_scout
[2.030s] running install
[2.032s] running install_lib
[2.040s] copying /home/aseel/scout_drone/build/drone_scout/build/lib/drone_scout/mission_commander.py -> /home/aseel/scout_drone/install/drone_scout/lib/python3.10/site-packages/drone_scout
[2.040s] byte-compiling /home/aseel/scout_drone/install/drone_scout/lib/python3.10/site-packages/drone_scout/mission_commander.py to mission_commander.cpython-310.pyc
[2.040s] running install_data
[2.040s] running install_egg_info
[2.043s] removing '/home/aseel/scout_drone/install/drone_scout/lib/python3.10/site-packages/drone_scout-0.0.0-py3.10.egg-info' (and everything under it)
[2.044s] Copying ../../build/drone_scout/drone_scout.egg-info to /home/aseel/scout_drone/install/drone_scout/lib/python3.10/site-packages/drone_scout-0.0.0-py3.10.egg-info
[2.045s] running install_scripts
[2.094s] Installing cam_csi script to /home/aseel/scout_drone/install/drone_scout/lib/drone_scout
[2.095s] Installing cam_gazebo script to /home/aseel/scout_drone/install/drone_scout/lib/drone_scout
[2.095s] Installing cam_test script to /home/aseel/scout_drone/install/drone_scout/lib/drone_scout
[2.096s] Installing drone_status script to /home/aseel/scout_drone/install/drone_scout/lib/drone_scout
[2.096s] Installing geotag script to /home/aseel/scout_drone/install/drone_scout/lib/drone_scout
[2.097s] Installing inference script to /home/aseel/scout_drone/install/drone_scout/lib/drone_scout
[2.097s] Installing mission_commander script to /home/aseel/scout_drone/install/drone_scout/lib/drone_scout
[2.097s] Installing waypoint_generate script to /home/aseel/scout_drone/install/drone_scout/lib/drone_scout
[2.102s] writing list of installed files to '/home/aseel/scout_drone/build/drone_scout/install.log'
[2.156s] Invoked command in '/home/aseel/scout_drone/src/drone_scout' returned '0': PYTHONPATH=/home/aseel/scout_drone/build/drone_scout/prefix_override:/usr/lib/python3/dist-packages/colcon_core/task/python/colcon_distutils_commands:/home/aseel/scout_drone/install/drone_scout/lib/python3.10/site-packages:${PYTHONPATH} /usr/bin/python3 -W ignore:setup.py install is deprecated -W ignore:easy_install command is deprecated setup.py egg_info --egg-base ../../build/drone_scout build --build-base /home/aseel/scout_drone/build/drone_scout/build install --record /home/aseel/scout_drone/build/drone_scout/install.log --single-version-externally-managed install_data
