[0.868s] DEBUG:colcon:Command line arguments: ['/usr/bin/colcon', 'build']
[0.868s] DEBUG:colcon:Parsed command line arguments: Namespace(log_base=None, log_level=None, verb_name='build', build_base='build', install_base='install', merge_install=False, symlink_install=False, test_result_base=None, continue_on_error=False, executor='parallel', parallel_workers=4, event_handlers=None, ignore_user_meta=False, metas=['./colcon.meta'], base_paths=['.'], packages_ignore=None, packages_ignore_regex=None, paths=None, packages_up_to=None, packages_up_to_regex=None, packages_above=None, packages_above_and_dependencies=None, packages_above_depth=None, packages_select_by_dep=None, packages_skip_by_dep=None, packages_skip_up_to=None, packages_select_build_failed=False, packages_skip_build_finished=False, packages_select_test_failures=False, packages_skip_test_passed=False, packages_select=None, packages_skip=None, packages_select_regex=None, packages_skip_regex=None, packages_start=None, packages_end=None, allow_overriding=[], cmake_args=None, cmake_target=None, cmake_target_skip_unavailable=False, cmake_clean_cache=False, cmake_clean_first=False, cmake_force_configure=False, ament_cmake_args=None, catkin_cmake_args=None, catkin_skip_building_tests=False, verb_parser=<colcon_defaults.argument_parser.defaults.DefaultArgumentsDecorator object at 0x7f288a320790>, verb_extension=<colcon_core.verb.build.BuildVerb object at 0x7f288a3202b0>, main=<bound method BuildVerb.main of <colcon_core.verb.build.BuildVerb object at 0x7f288a3202b0>>)
[1.413s] Level 1:colcon.colcon_core.package_discovery:discover_packages(colcon_meta) check parameters
[1.413s] Level 1:colcon.colcon_core.package_discovery:discover_packages(recursive) check parameters
[1.413s] Level 1:colcon.colcon_core.package_discovery:discover_packages(ignore) check parameters
[1.413s] Level 1:colcon.colcon_core.package_discovery:discover_packages(path) check parameters
[1.413s] Level 1:colcon.colcon_core.package_discovery:discover_packages(colcon_meta) discover
[1.413s] Level 1:colcon.colcon_core.package_discovery:discover_packages(recursive) discover
[1.413s] INFO:colcon.colcon_core.package_discovery:Crawling recursively for packages in '/home/aseel/scout_drone'
[1.414s] Level 1:colcon.colcon_core.package_identification:_identify(.) by extensions ['ignore', 'ignore_ament_install']
[1.414s] Level 1:colcon.colcon_core.package_identification:_identify(.) by extension 'ignore'
[1.414s] Level 1:colcon.colcon_core.package_identification:_identify(.) by extension 'ignore_ament_install'
[1.414s] Level 1:colcon.colcon_core.package_identification:_identify(.) by extensions ['colcon_pkg']
[1.414s] Level 1:colcon.colcon_core.package_identification:_identify(.) by extension 'colcon_pkg'
[1.414s] Level 1:colcon.colcon_core.package_identification:_identify(.) by extensions ['colcon_meta']
[1.414s] Level 1:colcon.colcon_core.package_identification:_identify(.) by extension 'colcon_meta'
[1.414s] Level 1:colcon.colcon_core.package_identification:_identify(.) by extensions ['ros']
[1.414s] Level 1:colcon.colcon_core.package_identification:_identify(.) by extension 'ros'
[1.440s] Level 1:colcon.colcon_core.package_identification:_identify(.) by extensions ['cmake', 'python']
[1.440s] Level 1:colcon.colcon_core.package_identification:_identify(.) by extension 'cmake'
[1.440s] Level 1:colcon.colcon_core.package_identification:_identify(.) by extension 'python'
[1.440s] Level 1:colcon.colcon_core.package_identification:_identify(.) by extensions ['python_setup_py']
[1.440s] Level 1:colcon.colcon_core.package_identification:_identify(.) by extension 'python_setup_py'
[1.440s] Level 1:colcon.colcon_core.package_identification:_identify(build) by extensions ['ignore', 'ignore_ament_install']
[1.441s] Level 1:colcon.colcon_core.package_identification:_identify(build) by extension 'ignore'
[1.441s] Level 1:colcon.colcon_core.package_identification:_identify(build) ignored
[1.441s] Level 1:colcon.colcon_core.package_identification:_identify(home) by extensions ['ignore', 'ignore_ament_install']
[1.441s] Level 1:colcon.colcon_core.package_identification:_identify(home) by extension 'ignore'
[1.441s] Level 1:colcon.colcon_core.package_identification:_identify(home) by extension 'ignore_ament_install'
[1.442s] Level 1:colcon.colcon_core.package_identification:_identify(home) by extensions ['colcon_pkg']
[1.442s] Level 1:colcon.colcon_core.package_identification:_identify(home) by extension 'colcon_pkg'
[1.442s] Level 1:colcon.colcon_core.package_identification:_identify(home) by extensions ['colcon_meta']
[1.442s] Level 1:colcon.colcon_core.package_identification:_identify(home) by extension 'colcon_meta'
[1.442s] Level 1:colcon.colcon_core.package_identification:_identify(home) by extensions ['ros']
[1.442s] Level 1:colcon.colcon_core.package_identification:_identify(home) by extension 'ros'
[1.442s] Level 1:colcon.colcon_core.package_identification:_identify(home) by extensions ['cmake', 'python']
[1.442s] Level 1:colcon.colcon_core.package_identification:_identify(home) by extension 'cmake'
[1.442s] Level 1:colcon.colcon_core.package_identification:_identify(home) by extension 'python'
[1.442s] Level 1:colcon.colcon_core.package_identification:_identify(home) by extensions ['python_setup_py']
[1.442s] Level 1:colcon.colcon_core.package_identification:_identify(home) by extension 'python_setup_py'
[1.443s] Level 1:colcon.colcon_core.package_identification:_identify(home/aseel) by extensions ['ignore', 'ignore_ament_install']
[1.443s] Level 1:colcon.colcon_core.package_identification:_identify(home/aseel) by extension 'ignore'
[1.443s] Level 1:colcon.colcon_core.package_identification:_identify(home/aseel) by extension 'ignore_ament_install'
[1.443s] Level 1:colcon.colcon_core.package_identification:_identify(home/aseel) by extensions ['colcon_pkg']
[1.443s] Level 1:colcon.colcon_core.package_identification:_identify(home/aseel) by extension 'colcon_pkg'
[1.443s] Level 1:colcon.colcon_core.package_identification:_identify(home/aseel) by extensions ['colcon_meta']
[1.443s] Level 1:colcon.colcon_core.package_identification:_identify(home/aseel) by extension 'colcon_meta'
[1.443s] Level 1:colcon.colcon_core.package_identification:_identify(home/aseel) by extensions ['ros']
[1.443s] Level 1:colcon.colcon_core.package_identification:_identify(home/aseel) by extension 'ros'
[1.443s] Level 1:colcon.colcon_core.package_identification:_identify(home/aseel) by extensions ['cmake', 'python']
[1.443s] Level 1:colcon.colcon_core.package_identification:_identify(home/aseel) by extension 'cmake'
[1.443s] Level 1:colcon.colcon_core.package_identification:_identify(home/aseel) by extension 'python'
[1.444s] Level 1:colcon.colcon_core.package_identification:_identify(home/aseel) by extensions ['python_setup_py']
[1.444s] Level 1:colcon.colcon_core.package_identification:_identify(home/aseel) by extension 'python_setup_py'
[1.444s] Level 1:colcon.colcon_core.package_identification:_identify(install) by extensions ['ignore', 'ignore_ament_install']
[1.444s] Level 1:colcon.colcon_core.package_identification:_identify(install) by extension 'ignore'
[1.444s] Level 1:colcon.colcon_core.package_identification:_identify(install) ignored
[1.444s] Level 1:colcon.colcon_core.package_identification:_identify(log) by extensions ['ignore', 'ignore_ament_install']
[1.444s] Level 1:colcon.colcon_core.package_identification:_identify(log) by extension 'ignore'
[1.445s] Level 1:colcon.colcon_core.package_identification:_identify(log) ignored
[1.445s] Level 1:colcon.colcon_core.package_identification:_identify(src) by extensions ['ignore', 'ignore_ament_install']
[1.445s] Level 1:colcon.colcon_core.package_identification:_identify(src) by extension 'ignore'
[1.445s] Level 1:colcon.colcon_core.package_identification:_identify(src) by extension 'ignore_ament_install'
[1.445s] Level 1:colcon.colcon_core.package_identification:_identify(src) by extensions ['colcon_pkg']
[1.445s] Level 1:colcon.colcon_core.package_identification:_identify(src) by extension 'colcon_pkg'
[1.445s] Level 1:colcon.colcon_core.package_identification:_identify(src) by extensions ['colcon_meta']
[1.445s] Level 1:colcon.colcon_core.package_identification:_identify(src) by extension 'colcon_meta'
[1.445s] Level 1:colcon.colcon_core.package_identification:_identify(src) by extensions ['ros']
[1.445s] Level 1:colcon.colcon_core.package_identification:_identify(src) by extension 'ros'
[1.445s] Level 1:colcon.colcon_core.package_identification:_identify(src) by extensions ['cmake', 'python']
[1.445s] Level 1:colcon.colcon_core.package_identification:_identify(src) by extension 'cmake'
[1.446s] Level 1:colcon.colcon_core.package_identification:_identify(src) by extension 'python'
[1.446s] Level 1:colcon.colcon_core.package_identification:_identify(src) by extensions ['python_setup_py']
[1.446s] Level 1:colcon.colcon_core.package_identification:_identify(src) by extension 'python_setup_py'
[1.446s] Level 1:colcon.colcon_core.package_identification:_identify(src/drone_scout) by extensions ['ignore', 'ignore_ament_install']
[1.446s] Level 1:colcon.colcon_core.package_identification:_identify(src/drone_scout) by extension 'ignore'
[1.446s] Level 1:colcon.colcon_core.package_identification:_identify(src/drone_scout) by extension 'ignore_ament_install'
[1.446s] Level 1:colcon.colcon_core.package_identification:_identify(src/drone_scout) by extensions ['colcon_pkg']
[1.446s] Level 1:colcon.colcon_core.package_identification:_identify(src/drone_scout) by extension 'colcon_pkg'
[1.446s] Level 1:colcon.colcon_core.package_identification:_identify(src/drone_scout) by extensions ['colcon_meta']
[1.446s] Level 1:colcon.colcon_core.package_identification:_identify(src/drone_scout) by extension 'colcon_meta'
[1.446s] Level 1:colcon.colcon_core.package_identification:_identify(src/drone_scout) by extensions ['ros']
[1.446s] Level 1:colcon.colcon_core.package_identification:_identify(src/drone_scout) by extension 'ros'
[1.455s] DEBUG:colcon.colcon_core.package_identification:Package 'src/drone_scout' with type 'ros.ament_python' and name 'drone_scout'
[1.455s] Level 1:colcon.colcon_core.package_discovery:discover_packages(recursive) using defaults
[1.455s] Level 1:colcon.colcon_core.package_discovery:discover_packages(ignore) discover
[1.455s] Level 1:colcon.colcon_core.package_discovery:discover_packages(ignore) using defaults
[1.455s] Level 1:colcon.colcon_core.package_discovery:discover_packages(path) discover
[1.455s] Level 1:colcon.colcon_core.package_discovery:discover_packages(path) using defaults
[1.534s] Level 1:colcon.colcon_core.package_discovery:discover_packages(prefix_path) check parameters
[1.534s] Level 1:colcon.colcon_core.package_discovery:discover_packages(prefix_path) discover
[1.541s] DEBUG:colcon.colcon_installed_package_information.package_discovery:Found 1 installed packages in /home/aseel/scout_drone/install
[1.544s] DEBUG:colcon.colcon_installed_package_information.package_discovery:Found 278 installed packages in /opt/ros/humble
[1.546s] Level 1:colcon.colcon_core.package_discovery:discover_packages(prefix_path) using defaults
[1.624s] Level 5:colcon.colcon_core.verb:set package 'drone_scout' build argument 'cmake_args' from command line to 'None'
[1.625s] Level 5:colcon.colcon_core.verb:set package 'drone_scout' build argument 'cmake_target' from command line to 'None'
[1.625s] Level 5:colcon.colcon_core.verb:set package 'drone_scout' build argument 'cmake_target_skip_unavailable' from command line to 'False'
[1.625s] Level 5:colcon.colcon_core.verb:set package 'drone_scout' build argument 'cmake_clean_cache' from command line to 'False'
[1.625s] Level 5:colcon.colcon_core.verb:set package 'drone_scout' build argument 'cmake_clean_first' from command line to 'False'
[1.625s] Level 5:colcon.colcon_core.verb:set package 'drone_scout' build argument 'cmake_force_configure' from command line to 'False'
[1.625s] Level 5:colcon.colcon_core.verb:set package 'drone_scout' build argument 'ament_cmake_args' from command line to 'None'
[1.625s] Level 5:colcon.colcon_core.verb:set package 'drone_scout' build argument 'catkin_cmake_args' from command line to 'None'
[1.625s] Level 5:colcon.colcon_core.verb:set package 'drone_scout' build argument 'catkin_skip_building_tests' from command line to 'False'
[1.625s] DEBUG:colcon.colcon_core.verb:Building package 'drone_scout' with the following arguments: {'ament_cmake_args': None, 'build_base': '/home/aseel/scout_drone/build/drone_scout', 'catkin_cmake_args': None, 'catkin_skip_building_tests': False, 'cmake_args': None, 'cmake_clean_cache': False, 'cmake_clean_first': False, 'cmake_force_configure': False, 'cmake_target': None, 'cmake_target_skip_unavailable': False, 'install_base': '/home/aseel/scout_drone/install/drone_scout', 'merge_install': False, 'path': '/home/aseel/scout_drone/src/drone_scout', 'symlink_install': False, 'test_result_base': None}
[1.626s] INFO:colcon.colcon_core.executor:Executing jobs using 'parallel' executor
[1.628s] DEBUG:colcon.colcon_parallel_executor.executor.parallel:run_until_complete
[1.629s] INFO:colcon.colcon_ros.task.ament_python.build:Building ROS package in '/home/aseel/scout_drone/src/drone_scout' with build type 'ament_python'
[1.629s] Level 1:colcon.colcon_core.shell:create_environment_hook('drone_scout', 'ament_prefix_path')
[1.639s] INFO:colcon.colcon_core.plugin_system:Skipping extension 'colcon_core.shell.bat': Not used on non-Windows systems
[1.640s] INFO:colcon.colcon_core.shell:Creating environment hook '/home/aseel/scout_drone/install/drone_scout/share/drone_scout/hook/ament_prefix_path.ps1'
[1.644s] INFO:colcon.colcon_core.shell:Creating environment descriptor '/home/aseel/scout_drone/install/drone_scout/share/drone_scout/hook/ament_prefix_path.dsv'
[1.645s] INFO:colcon.colcon_core.shell:Creating environment hook '/home/aseel/scout_drone/install/drone_scout/share/drone_scout/hook/ament_prefix_path.sh'
[1.647s] INFO:colcon.colcon_core.shell:Skip shell extension 'powershell' for command environment: Not usable outside of PowerShell
[1.647s] DEBUG:colcon.colcon_core.shell:Skip shell extension 'dsv' for command environment
[2.179s] INFO:colcon.colcon_core.task.python.build:Building Python package in '/home/aseel/scout_drone/src/drone_scout'
[2.180s] INFO:colcon.colcon_core.shell:Skip shell extension 'powershell' for command environment: Not usable outside of PowerShell
[2.180s] DEBUG:colcon.colcon_core.shell:Skip shell extension 'dsv' for command environment
[3.061s] DEBUG:colcon.colcon_core.event_handler.log_command:Invoking command in '/home/aseel/scout_drone/src/drone_scout': PYTHONPATH=/home/aseel/scout_drone/build/drone_scout/prefix_override:/usr/lib/python3/dist-packages/colcon_core/task/python/colcon_distutils_commands:/home/aseel/scout_drone/install/drone_scout/lib/python3.10/site-packages:${PYTHONPATH} /usr/bin/python3 -W ignore:setup.py install is deprecated -W ignore:easy_install command is deprecated setup.py egg_info --egg-base ../../build/drone_scout build --build-base /home/aseel/scout_drone/build/drone_scout/build install --record /home/aseel/scout_drone/build/drone_scout/install.log --single-version-externally-managed install_data
[3.767s] DEBUG:colcon.colcon_core.event_handler.log_command:Invoked command in '/home/aseel/scout_drone/src/drone_scout' returned '0': PYTHONPATH=/home/aseel/scout_drone/build/drone_scout/prefix_override:/usr/lib/python3/dist-packages/colcon_core/task/python/colcon_distutils_commands:/home/aseel/scout_drone/install/drone_scout/lib/python3.10/site-packages:${PYTHONPATH} /usr/bin/python3 -W ignore:setup.py install is deprecated -W ignore:easy_install command is deprecated setup.py egg_info --egg-base ../../build/drone_scout build --build-base /home/aseel/scout_drone/build/drone_scout/build install --record /home/aseel/scout_drone/build/drone_scout/install.log --single-version-externally-managed install_data
[3.779s] Level 1:colcon.colcon_core.environment:checking '/home/aseel/scout_drone/install/drone_scout' for CMake module files
[3.781s] Level 1:colcon.colcon_core.environment:checking '/home/aseel/scout_drone/install/drone_scout' for CMake config files
[3.783s] Level 1:colcon.colcon_core.environment:checking '/home/aseel/scout_drone/install/drone_scout/lib'
[3.783s] Level 1:colcon.colcon_core.environment:checking '/home/aseel/scout_drone/install/drone_scout/bin'
[3.783s] Level 1:colcon.colcon_core.environment:checking '/home/aseel/scout_drone/install/drone_scout/lib/pkgconfig/drone_scout.pc'
[3.784s] Level 1:colcon.colcon_core.environment:checking '/home/aseel/scout_drone/install/drone_scout/lib/python3.10/site-packages'
[3.784s] Level 1:colcon.colcon_core.shell:create_environment_hook('drone_scout', 'pythonpath')
[3.784s] INFO:colcon.colcon_core.shell:Creating environment hook '/home/aseel/scout_drone/install/drone_scout/share/drone_scout/hook/pythonpath.ps1'
[3.785s] INFO:colcon.colcon_core.shell:Creating environment descriptor '/home/aseel/scout_drone/install/drone_scout/share/drone_scout/hook/pythonpath.dsv'
[3.786s] INFO:colcon.colcon_core.shell:Creating environment hook '/home/aseel/scout_drone/install/drone_scout/share/drone_scout/hook/pythonpath.sh'
[3.787s] Level 1:colcon.colcon_core.environment:checking '/home/aseel/scout_drone/install/drone_scout/bin'
[3.787s] Level 1:colcon.colcon_core.environment:create_environment_scripts_only(drone_scout)
[3.787s] INFO:colcon.colcon_core.shell:Creating package script '/home/aseel/scout_drone/install/drone_scout/share/drone_scout/package.ps1'
[3.790s] INFO:colcon.colcon_core.shell:Creating package descriptor '/home/aseel/scout_drone/install/drone_scout/share/drone_scout/package.dsv'
[3.792s] INFO:colcon.colcon_core.shell:Creating package script '/home/aseel/scout_drone/install/drone_scout/share/drone_scout/package.sh'
[3.794s] INFO:colcon.colcon_core.shell:Creating package script '/home/aseel/scout_drone/install/drone_scout/share/drone_scout/package.bash'
[3.797s] INFO:colcon.colcon_core.shell:Creating package script '/home/aseel/scout_drone/install/drone_scout/share/drone_scout/package.zsh'
[3.800s] Level 1:colcon.colcon_core.environment:create_file_with_runtime_dependencies(/home/aseel/scout_drone/install/drone_scout/share/colcon-core/packages/drone_scout)
[3.800s] DEBUG:colcon.colcon_parallel_executor.executor.parallel:closing loop
[3.801s] DEBUG:colcon.colcon_parallel_executor.executor.parallel:loop closed
[3.802s] DEBUG:colcon.colcon_parallel_executor.executor.parallel:run_until_complete finished with '0'
[3.802s] DEBUG:colcon.colcon_core.event_reactor:joining thread
[3.903s] INFO:colcon.colcon_core.plugin_system:Skipping extension 'colcon_notification.desktop_notification.notify_send': Could not find 'notify-send'
[3.903s] INFO:colcon.colcon_core.plugin_system:Skipping extension 'colcon_notification.desktop_notification.terminal_notifier': Not used on non-Darwin systems
[3.903s] INFO:colcon.colcon_core.plugin_system:Skipping extension 'colcon_notification.desktop_notification.win32': Not used on non-Windows systems
[3.904s] INFO:colcon.colcon_notification.desktop_notification:Sending desktop notification using 'notify2'
[3.907s] DEBUG:colcon.colcon_notification.desktop_notification.notify2:Failed to initialize notify2: org.freedesktop.DBus.Error.ServiceUnknown: The name org.freedesktop.Notifications was not provided by any .service files
[3.907s] DEBUG:colcon.colcon_core.event_reactor:joined thread
[3.908s] INFO:colcon.colcon_core.shell:Creating prefix script '/home/aseel/scout_drone/install/local_setup.ps1'
[3.910s] INFO:colcon.colcon_core.shell:Creating prefix util module '/home/aseel/scout_drone/install/_local_setup_util_ps1.py'
[3.913s] INFO:colcon.colcon_core.shell:Creating prefix chain script '/home/aseel/scout_drone/install/setup.ps1'
[3.916s] INFO:colcon.colcon_core.shell:Creating prefix script '/home/aseel/scout_drone/install/local_setup.sh'
[3.925s] INFO:colcon.colcon_core.shell:Creating prefix util module '/home/aseel/scout_drone/install/_local_setup_util_sh.py'
[3.928s] INFO:colcon.colcon_core.shell:Creating prefix chain script '/home/aseel/scout_drone/install/setup.sh'
[3.935s] INFO:colcon.colcon_core.shell:Creating prefix script '/home/aseel/scout_drone/install/local_setup.bash'
[3.946s] INFO:colcon.colcon_core.shell:Creating prefix chain script '/home/aseel/scout_drone/install/setup.bash'
[3.951s] INFO:colcon.colcon_core.shell:Creating prefix script '/home/aseel/scout_drone/install/local_setup.zsh'
[3.954s] INFO:colcon.colcon_core.shell:Creating prefix chain script '/home/aseel/scout_drone/install/setup.zsh'
