[1.062s] Invoking command in '/home/aseel/scout_drone/src/drone_scout': PYTHONPATH=/home/aseel/scout_drone/build/drone_scout/prefix_override:/usr/lib/python3/dist-packages/colcon_core/task/python/colcon_distutils_commands:/home/aseel/scout_drone/install/drone_scout/lib/python3.10/site-packages:${PYTHONPATH} /usr/bin/python3 -W ignore:setup.py install is deprecated -W ignore:easy_install command is deprecated setup.py egg_info --egg-base ../../build/drone_scout build --build-base /home/aseel/scout_drone/build/drone_scout/build install --record /home/aseel/scout_drone/build/drone_scout/install.log --single-version-externally-managed install_data
[1.440s] running egg_info
[1.443s] writing ../../build/drone_scout/drone_scout.egg-info/PKG-INFO
[1.446s] writing dependency_links to ../../build/drone_scout/drone_scout.egg-info/dependency_links.txt
[1.446s] writing entry points to ../../build/drone_scout/drone_scout.egg-info/entry_points.txt
[1.447s] writing requirements to ../../build/drone_scout/drone_scout.egg-info/requires.txt
[1.447s] writing top-level names to ../../build/drone_scout/drone_scout.egg-info/top_level.txt
[1.449s] reading manifest file '../../build/drone_scout/drone_scout.egg-info/SOURCES.txt'
[1.451s] writing manifest file '../../build/drone_scout/drone_scout.egg-info/SOURCES.txt'
[1.451s] running build
[1.452s] running build_py
[1.452s] copying drone_scout/drone_status.py -> /home/aseel/scout_drone/build/drone_scout/build/lib/drone_scout
[1.458s] running install
[1.458s] running install_lib
[1.460s] copying /home/aseel/scout_drone/build/drone_scout/build/lib/drone_scout/drone_status.py -> /home/aseel/scout_drone/install/drone_scout/lib/python3.10/site-packages/drone_scout
[1.462s] byte-compiling /home/aseel/scout_drone/install/drone_scout/lib/python3.10/site-packages/drone_scout/drone_status.py to drone_status.cpython-310.pyc
[1.466s] running install_data
[1.466s] copying launch/demo_launch.py -> /home/aseel/scout_drone/install/drone_scout/share/drone_scout/launch
[1.468s] creating /home/aseel/scout_drone/install/drone_scout/share/drone_scout/scripts
[1.468s] copying scripts/prepare_data_folder.py -> /home/aseel/scout_drone/install/drone_scout/share/drone_scout/scripts
[1.468s] running install_egg_info
[1.471s] removing '/home/aseel/scout_drone/install/drone_scout/lib/python3.10/site-packages/drone_scout-0.0.0-py3.10.egg-info' (and everything under it)
[1.475s] Copying ../../build/drone_scout/drone_scout.egg-info to /home/aseel/scout_drone/install/drone_scout/lib/python3.10/site-packages/drone_scout-0.0.0-py3.10.egg-info
[1.480s] running install_scripts
[1.512s] Installing cam_csi script to /home/aseel/scout_drone/install/drone_scout/lib/drone_scout
[1.513s] Installing cam_gazebo script to /home/aseel/scout_drone/install/drone_scout/lib/drone_scout
[1.516s] Installing cam_test script to /home/aseel/scout_drone/install/drone_scout/lib/drone_scout
[1.516s] Installing drone_status script to /home/aseel/scout_drone/install/drone_scout/lib/drone_scout
[1.517s] Installing geotag script to /home/aseel/scout_drone/install/drone_scout/lib/drone_scout
[1.517s] Installing inference script to /home/aseel/scout_drone/install/drone_scout/lib/drone_scout
[1.517s] Installing mission_commander script to /home/aseel/scout_drone/install/drone_scout/lib/drone_scout
[1.517s] Installing waypoint_generate script to /home/aseel/scout_drone/install/drone_scout/lib/drone_scout
[1.518s] writing list of installed files to '/home/aseel/scout_drone/build/drone_scout/install.log'
[1.553s] Invoked command in '/home/aseel/scout_drone/src/drone_scout' returned '0': PYTHONPATH=/home/aseel/scout_drone/build/drone_scout/prefix_override:/usr/lib/python3/dist-packages/colcon_core/task/python/colcon_distutils_commands:/home/aseel/scout_drone/install/drone_scout/lib/python3.10/site-packages:${PYTHONPATH} /usr/bin/python3 -W ignore:setup.py install is deprecated -W ignore:easy_install command is deprecated setup.py egg_info --egg-base ../../build/drone_scout build --build-base /home/aseel/scout_drone/build/drone_scout/build install --record /home/aseel/scout_drone/build/drone_scout/install.log --single-version-externally-managed install_data
