[0.691s] Invoking command in '/home/aseel/scout_drone/src/drone_scout': PYTHONPATH=/home/aseel/scout_drone/build/drone_scout/prefix_override:/usr/lib/python3/dist-packages/colcon_core/task/python/colcon_distutils_commands:/home/aseel/scout_drone/install/drone_scout/lib/python3.10/site-packages:${PYTHONPATH} /usr/bin/python3 -W ignore:setup.py install is deprecated -W ignore:easy_install command is deprecated setup.py egg_info --egg-base ../../build/drone_scout build --build-base /home/aseel/scout_drone/build/drone_scout/build install --record /home/aseel/scout_drone/build/drone_scout/install.log --single-version-externally-managed install_data
[0.964s] running egg_info
[0.966s] writing ../../build/drone_scout/drone_scout.egg-info/PKG-INFO
[0.966s] writing dependency_links to ../../build/drone_scout/drone_scout.egg-info/dependency_links.txt
[0.966s] writing entry points to ../../build/drone_scout/drone_scout.egg-info/entry_points.txt
[0.967s] writing requirements to ../../build/drone_scout/drone_scout.egg-info/requires.txt
[0.967s] writing top-level names to ../../build/drone_scout/drone_scout.egg-info/top_level.txt
[0.970s] reading manifest file '../../build/drone_scout/drone_scout.egg-info/SOURCES.txt'
[0.971s] writing manifest file '../../build/drone_scout/drone_scout.egg-info/SOURCES.txt'
[0.972s] running build
[0.972s] running build_py
[0.972s] copying drone_scout/mission_commander.py -> /home/aseel/scout_drone/build/drone_scout/build/lib/drone_scout
[0.974s] running install
[0.975s] running install_lib
[0.976s] copying /home/aseel/scout_drone/build/drone_scout/build/lib/drone_scout/mission_commander.py -> /home/aseel/scout_drone/install/drone_scout/lib/python3.10/site-packages/drone_scout
[0.978s] byte-compiling /home/aseel/scout_drone/install/drone_scout/lib/python3.10/site-packages/drone_scout/mission_commander.py to mission_commander.cpython-310.pyc
[0.982s] running install_data
[0.982s] running install_egg_info
[0.986s] removing '/home/aseel/scout_drone/install/drone_scout/lib/python3.10/site-packages/drone_scout-0.0.0-py3.10.egg-info' (and everything under it)
[0.986s] Copying ../../build/drone_scout/drone_scout.egg-info to /home/aseel/scout_drone/install/drone_scout/lib/python3.10/site-packages/drone_scout-0.0.0-py3.10.egg-info
[0.987s] running install_scripts
[1.015s] Installing cam_csi script to /home/aseel/scout_drone/install/drone_scout/lib/drone_scout
[1.015s] Installing cam_gazebo script to /home/aseel/scout_drone/install/drone_scout/lib/drone_scout
[1.015s] Installing cam_test script to /home/aseel/scout_drone/install/drone_scout/lib/drone_scout
[1.016s] Installing drone_status script to /home/aseel/scout_drone/install/drone_scout/lib/drone_scout
[1.016s] Installing geotag script to /home/aseel/scout_drone/install/drone_scout/lib/drone_scout
[1.016s] Installing inference script to /home/aseel/scout_drone/install/drone_scout/lib/drone_scout
[1.017s] Installing mission_commander script to /home/aseel/scout_drone/install/drone_scout/lib/drone_scout
[1.017s] Installing waypoint_generate script to /home/aseel/scout_drone/install/drone_scout/lib/drone_scout
[1.018s] writing list of installed files to '/home/aseel/scout_drone/build/drone_scout/install.log'
[1.054s] Invoked command in '/home/aseel/scout_drone/src/drone_scout' returned '0': PYTHONPATH=/home/aseel/scout_drone/build/drone_scout/prefix_override:/usr/lib/python3/dist-packages/colcon_core/task/python/colcon_distutils_commands:/home/aseel/scout_drone/install/drone_scout/lib/python3.10/site-packages:${PYTHONPATH} /usr/bin/python3 -W ignore:setup.py install is deprecated -W ignore:easy_install command is deprecated setup.py egg_info --egg-base ../../build/drone_scout build --build-base /home/aseel/scout_drone/build/drone_scout/build install --record /home/aseel/scout_drone/build/drone_scout/install.log --single-version-externally-managed install_data
