[1.122s] Invoking command in '/home/aseel/scout_drone/src/drone_scout': PYTHONPATH=/home/aseel/scout_drone/build/drone_scout/prefix_override:/usr/lib/python3/dist-packages/colcon_core/task/python/colcon_distutils_commands:/home/aseel/scout_drone/install/drone_scout/lib/python3.10/site-packages:${PYTHONPATH} /usr/bin/python3 -W ignore:setup.py install is deprecated -W ignore:easy_install command is deprecated setup.py egg_info --egg-base ../../build/drone_scout build --build-base /home/aseel/scout_drone/build/drone_scout/build install --record /home/aseel/scout_drone/build/drone_scout/install.log --single-version-externally-managed install_data
[1.363s] running egg_info
[1.366s] writing ../../build/drone_scout/drone_scout.egg-info/PKG-INFO
[1.368s] writing dependency_links to ../../build/drone_scout/drone_scout.egg-info/dependency_links.txt
[1.368s] writing entry points to ../../build/drone_scout/drone_scout.egg-info/entry_points.txt
[1.369s] writing requirements to ../../build/drone_scout/drone_scout.egg-info/requires.txt
[1.369s] writing top-level names to ../../build/drone_scout/drone_scout.egg-info/top_level.txt
[1.372s] reading manifest file '../../build/drone_scout/drone_scout.egg-info/SOURCES.txt'
[1.374s] writing manifest file '../../build/drone_scout/drone_scout.egg-info/SOURCES.txt'
[1.374s] running build
[1.374s] running build_py
[1.374s] copying drone_scout/drone_status.py -> /home/aseel/scout_drone/build/drone_scout/build/lib/drone_scout
[1.378s] copying drone_scout/cam_usb.py -> /home/aseel/scout_drone/build/drone_scout/build/lib/drone_scout
[1.379s] running install
[1.379s] running install_lib
[1.381s] copying /home/aseel/scout_drone/build/drone_scout/build/lib/drone_scout/drone_status.py -> /home/aseel/scout_drone/install/drone_scout/lib/python3.10/site-packages/drone_scout
[1.382s] copying /home/aseel/scout_drone/build/drone_scout/build/lib/drone_scout/cam_usb.py -> /home/aseel/scout_drone/install/drone_scout/lib/python3.10/site-packages/drone_scout
[1.383s] byte-compiling /home/aseel/scout_drone/install/drone_scout/lib/python3.10/site-packages/drone_scout/drone_status.py to drone_status.cpython-310.pyc
[1.386s] byte-compiling /home/aseel/scout_drone/install/drone_scout/lib/python3.10/site-packages/drone_scout/cam_usb.py to cam_usb.cpython-310.pyc
[1.387s] running install_data
[1.387s] copying launch/demo_launch.py -> /home/aseel/scout_drone/install/drone_scout/share/drone_scout/launch
[1.389s] copying launch/scout_launch.py -> /home/aseel/scout_drone/install/drone_scout/share/drone_scout/launch
[1.390s] running install_egg_info
[1.392s] removing '/home/aseel/scout_drone/install/drone_scout/lib/python3.10/site-packages/drone_scout-0.0.0-py3.10.egg-info' (and everything under it)
[1.393s] Copying ../../build/drone_scout/drone_scout.egg-info to /home/aseel/scout_drone/install/drone_scout/lib/python3.10/site-packages/drone_scout-0.0.0-py3.10.egg-info
[1.396s] running install_scripts
[1.419s] Installing cam_csi script to /home/aseel/scout_drone/install/drone_scout/lib/drone_scout
[1.419s] Installing cam_gazebo script to /home/aseel/scout_drone/install/drone_scout/lib/drone_scout
[1.420s] Installing cam_test script to /home/aseel/scout_drone/install/drone_scout/lib/drone_scout
[1.420s] Installing cam_usb script to /home/aseel/scout_drone/install/drone_scout/lib/drone_scout
[1.421s] Installing demo script to /home/aseel/scout_drone/install/drone_scout/lib/drone_scout
[1.422s] Installing drone_status script to /home/aseel/scout_drone/install/drone_scout/lib/drone_scout
[1.422s] Installing geotag script to /home/aseel/scout_drone/install/drone_scout/lib/drone_scout
[1.422s] Installing inference script to /home/aseel/scout_drone/install/drone_scout/lib/drone_scout
[1.423s] Installing mission_commander script to /home/aseel/scout_drone/install/drone_scout/lib/drone_scout
[1.423s] Installing waypoint_generate script to /home/aseel/scout_drone/install/drone_scout/lib/drone_scout
[1.423s] writing list of installed files to '/home/aseel/scout_drone/build/drone_scout/install.log'
[1.452s] Invoked command in '/home/aseel/scout_drone/src/drone_scout' returned '0': PYTHONPATH=/home/aseel/scout_drone/build/drone_scout/prefix_override:/usr/lib/python3/dist-packages/colcon_core/task/python/colcon_distutils_commands:/home/aseel/scout_drone/install/drone_scout/lib/python3.10/site-packages:${PYTHONPATH} /usr/bin/python3 -W ignore:setup.py install is deprecated -W ignore:easy_install command is deprecated setup.py egg_info --egg-base ../../build/drone_scout build --build-base /home/aseel/scout_drone/build/drone_scout/build install --record /home/aseel/scout_drone/build/drone_scout/install.log --single-version-externally-managed install_data
