running egg_info
creating ../../build/drone_scout/drone_scout.egg-info
writing ../../build/drone_scout/drone_scout.egg-info/PKG-INFO
writing dependency_links to ../../build/drone_scout/drone_scout.egg-info/dependency_links.txt
writing entry points to ../../build/drone_scout/drone_scout.egg-info/entry_points.txt
writing requirements to ../../build/drone_scout/drone_scout.egg-info/requires.txt
writing top-level names to ../../build/drone_scout/drone_scout.egg-info/top_level.txt
writing manifest file '../../build/drone_scout/drone_scout.egg-info/SOURCES.txt'
reading manifest file '../../build/drone_scout/drone_scout.egg-info/SOURCES.txt'
writing manifest file '../../build/drone_scout/drone_scout.egg-info/SOURCES.txt'
running build
running build_py
creating /home/aseel/scout_drone/build/drone_scout/build
creating /home/aseel/scout_drone/build/drone_scout/build/lib
creating /home/aseel/scout_drone/build/drone_scout/build/lib/drone_scout
copying drone_scout/waypoint_generate.py -> /home/aseel/scout_drone/build/drone_scout/build/lib/drone_scout
copying drone_scout/__init__.py -> /home/aseel/scout_drone/build/drone_scout/build/lib/drone_scout
copying drone_scout/pymavlink_fence.py -> /home/aseel/scout_drone/build/drone_scout/build/lib/drone_scout
copying drone_scout/drone_status.py -> /home/aseel/scout_drone/build/drone_scout/build/lib/drone_scout
copying drone_scout/cam_test.py -> /home/aseel/scout_drone/build/drone_scout/build/lib/drone_scout
copying drone_scout/inference.py -> /home/aseel/scout_drone/build/drone_scout/build/lib/drone_scout
copying drone_scout/cam_csi.py -> /home/aseel/scout_drone/build/drone_scout/build/lib/drone_scout
copying drone_scout/geotag.py -> /home/aseel/scout_drone/build/drone_scout/build/lib/drone_scout
running install
running install_lib
creating /home/aseel/scout_drone/install/drone_scout/lib/python3.12/site-packages/drone_scout
copying /home/aseel/scout_drone/build/drone_scout/build/lib/drone_scout/waypoint_generate.py -> /home/aseel/scout_drone/install/drone_scout/lib/python3.12/site-packages/drone_scout
copying /home/aseel/scout_drone/build/drone_scout/build/lib/drone_scout/__init__.py -> /home/aseel/scout_drone/install/drone_scout/lib/python3.12/site-packages/drone_scout
copying /home/aseel/scout_drone/build/drone_scout/build/lib/drone_scout/pymavlink_fence.py -> /home/aseel/scout_drone/install/drone_scout/lib/python3.12/site-packages/drone_scout
copying /home/aseel/scout_drone/build/drone_scout/build/lib/drone_scout/drone_status.py -> /home/aseel/scout_drone/install/drone_scout/lib/python3.12/site-packages/drone_scout
copying /home/aseel/scout_drone/build/drone_scout/build/lib/drone_scout/cam_test.py -> /home/aseel/scout_drone/install/drone_scout/lib/python3.12/site-packages/drone_scout
copying /home/aseel/scout_drone/build/drone_scout/build/lib/drone_scout/inference.py -> /home/aseel/scout_drone/install/drone_scout/lib/python3.12/site-packages/drone_scout
copying /home/aseel/scout_drone/build/drone_scout/build/lib/drone_scout/cam_csi.py -> /home/aseel/scout_drone/install/drone_scout/lib/python3.12/site-packages/drone_scout
copying /home/aseel/scout_drone/build/drone_scout/build/lib/drone_scout/geotag.py -> /home/aseel/scout_drone/install/drone_scout/lib/python3.12/site-packages/drone_scout
byte-compiling /home/aseel/scout_drone/install/drone_scout/lib/python3.12/site-packages/drone_scout/waypoint_generate.py to waypoint_generate.cpython-312.pyc
byte-compiling /home/aseel/scout_drone/install/drone_scout/lib/python3.12/site-packages/drone_scout/__init__.py to __init__.cpython-312.pyc
byte-compiling /home/aseel/scout_drone/install/drone_scout/lib/python3.12/site-packages/drone_scout/pymavlink_fence.py to pymavlink_fence.cpython-312.pyc
byte-compiling /home/aseel/scout_drone/install/drone_scout/lib/python3.12/site-packages/drone_scout/drone_status.py to drone_status.cpython-312.pyc
byte-compiling /home/aseel/scout_drone/install/drone_scout/lib/python3.12/site-packages/drone_scout/cam_test.py to cam_test.cpython-312.pyc
byte-compiling /home/aseel/scout_drone/install/drone_scout/lib/python3.12/site-packages/drone_scout/inference.py to inference.cpython-312.pyc
byte-compiling /home/aseel/scout_drone/install/drone_scout/lib/python3.12/site-packages/drone_scout/cam_csi.py to cam_csi.cpython-312.pyc
byte-compiling /home/aseel/scout_drone/install/drone_scout/lib/python3.12/site-packages/drone_scout/geotag.py to geotag.cpython-312.pyc
running install_data
creating /home/aseel/scout_drone/install/drone_scout/share/ament_index
creating /home/aseel/scout_drone/install/drone_scout/share/ament_index/resource_index
creating /home/aseel/scout_drone/install/drone_scout/share/ament_index/resource_index/packages
copying resource/drone_scout -> /home/aseel/scout_drone/install/drone_scout/share/ament_index/resource_index/packages
copying package.xml -> /home/aseel/scout_drone/install/drone_scout/share/drone_scout
creating /home/aseel/scout_drone/install/drone_scout/share/drone_scout/launch
copying launch/demo_launch.py -> /home/aseel/scout_drone/install/drone_scout/share/drone_scout/launch
copying launch/ardupilot_sim.launch.py -> /home/aseel/scout_drone/install/drone_scout/share/drone_scout/launch
copying launch/scout_launch.py -> /home/aseel/scout_drone/install/drone_scout/share/drone_scout/launch
running install_egg_info
Copying ../../build/drone_scout/drone_scout.egg-info to /home/aseel/scout_drone/install/drone_scout/lib/python3.12/site-packages/drone_scout-0.0.0-py3.12.egg-info
running install_scripts
Installing cam_csi script to /home/aseel/scout_drone/install/drone_scout/lib/drone_scout
Installing cam_test script to /home/aseel/scout_drone/install/drone_scout/lib/drone_scout
Installing drone_status script to /home/aseel/scout_drone/install/drone_scout/lib/drone_scout
Installing geotag script to /home/aseel/scout_drone/install/drone_scout/lib/drone_scout
Installing inference script to /home/aseel/scout_drone/install/drone_scout/lib/drone_scout
Installing waypoint_generate script to /home/aseel/scout_drone/install/drone_scout/lib/drone_scout
writing list of installed files to '/home/aseel/scout_drone/build/drone_scout/install.log'
