[0.967s] Invoking command in '/home/aseel/scout_drone/src/drone_scout': PYTHONPATH=/home/aseel/scout_drone/build/drone_scout/prefix_override:/usr/lib/python3/dist-packages/colcon_core/task/python/colcon_distutils_commands:/home/aseel/scout_drone/install/drone_scout/lib/python3.10/site-packages:${PYTHONPATH} /usr/bin/python3 -W ignore:setup.py install is deprecated -W ignore:easy_install command is deprecated setup.py egg_info --egg-base ../../build/drone_scout build --build-base /home/aseel/scout_drone/build/drone_scout/build install --record /home/aseel/scout_drone/build/drone_scout/install.log --single-version-externally-managed install_data
[1.204s] running egg_info
[1.205s] writing ../../build/drone_scout/drone_scout.egg-info/PKG-INFO
[1.206s] writing dependency_links to ../../build/drone_scout/drone_scout.egg-info/dependency_links.txt
[1.206s] writing entry points to ../../build/drone_scout/drone_scout.egg-info/entry_points.txt
[1.207s] writing requirements to ../../build/drone_scout/drone_scout.egg-info/requires.txt
[1.208s] writing top-level names to ../../build/drone_scout/drone_scout.egg-info/top_level.txt
[1.210s] reading manifest file '../../build/drone_scout/drone_scout.egg-info/SOURCES.txt'
[1.211s] writing manifest file '../../build/drone_scout/drone_scout.egg-info/SOURCES.txt'
[1.211s] running build
[1.211s] running build_py
[1.212s] running install
[1.212s] running install_lib
[1.213s] creating /home/aseel/scout_drone/install/drone_scout/lib/python3.10/site-packages/drone_scout
[1.213s] copying /home/aseel/scout_drone/build/drone_scout/build/lib/drone_scout/cam_test.py:Zone.Identifier -> /home/aseel/scout_drone/install/drone_scout/lib/python3.10/site-packages/drone_scout
[1.214s] copying /home/aseel/scout_drone/build/drone_scout/build/lib/drone_scout/__init__.py -> /home/aseel/scout_drone/install/drone_scout/lib/python3.10/site-packages/drone_scout
[1.214s] copying /home/aseel/scout_drone/build/drone_scout/build/lib/drone_scout/cam_csi.py:Zone.Identifier -> /home/aseel/scout_drone/install/drone_scout/lib/python3.10/site-packages/drone_scout
[1.215s] copying /home/aseel/scout_drone/build/drone_scout/build/lib/drone_scout/drone_status.py -> /home/aseel/scout_drone/install/drone_scout/lib/python3.10/site-packages/drone_scout
[1.215s] copying /home/aseel/scout_drone/build/drone_scout/build/lib/drone_scout/geotag.py -> /home/aseel/scout_drone/install/drone_scout/lib/python3.10/site-packages/drone_scout
[1.216s] copying /home/aseel/scout_drone/build/drone_scout/build/lib/drone_scout/pymavlink_fence.py -> /home/aseel/scout_drone/install/drone_scout/lib/python3.10/site-packages/drone_scout
[1.216s] copying /home/aseel/scout_drone/build/drone_scout/build/lib/drone_scout/inference.py:Zone.Identifier -> /home/aseel/scout_drone/install/drone_scout/lib/python3.10/site-packages/drone_scout
[1.217s] copying /home/aseel/scout_drone/build/drone_scout/build/lib/drone_scout/cam_csi.py -> /home/aseel/scout_drone/install/drone_scout/lib/python3.10/site-packages/drone_scout
[1.217s] copying /home/aseel/scout_drone/build/drone_scout/build/lib/drone_scout/waypoint_generate.py -> /home/aseel/scout_drone/install/drone_scout/lib/python3.10/site-packages/drone_scout
[1.217s] copying /home/aseel/scout_drone/build/drone_scout/build/lib/drone_scout/__init__.py:Zone.Identifier -> /home/aseel/scout_drone/install/drone_scout/lib/python3.10/site-packages/drone_scout
[1.217s] copying /home/aseel/scout_drone/build/drone_scout/build/lib/drone_scout/inference.py -> /home/aseel/scout_drone/install/drone_scout/lib/python3.10/site-packages/drone_scout
[1.217s] copying /home/aseel/scout_drone/build/drone_scout/build/lib/drone_scout/waypoint_generate.py:Zone.Identifier -> /home/aseel/scout_drone/install/drone_scout/lib/python3.10/site-packages/drone_scout
[1.217s] copying /home/aseel/scout_drone/build/drone_scout/build/lib/drone_scout/cam_test.py -> /home/aseel/scout_drone/install/drone_scout/lib/python3.10/site-packages/drone_scout
[1.218s] copying /home/aseel/scout_drone/build/drone_scout/build/lib/drone_scout/drone_status.py:Zone.Identifier -> /home/aseel/scout_drone/install/drone_scout/lib/python3.10/site-packages/drone_scout
[1.218s] copying /home/aseel/scout_drone/build/drone_scout/build/lib/drone_scout/pymavlink_fence.py:Zone.Identifier -> /home/aseel/scout_drone/install/drone_scout/lib/python3.10/site-packages/drone_scout
[1.218s] copying /home/aseel/scout_drone/build/drone_scout/build/lib/drone_scout/geotag.py:Zone.Identifier -> /home/aseel/scout_drone/install/drone_scout/lib/python3.10/site-packages/drone_scout
[1.218s] byte-compiling /home/aseel/scout_drone/install/drone_scout/lib/python3.10/site-packages/drone_scout/__init__.py to __init__.cpython-310.pyc
[1.218s] byte-compiling /home/aseel/scout_drone/install/drone_scout/lib/python3.10/site-packages/drone_scout/drone_status.py to drone_status.cpython-310.pyc
[1.219s] byte-compiling /home/aseel/scout_drone/install/drone_scout/lib/python3.10/site-packages/drone_scout/geotag.py to geotag.cpython-310.pyc
[1.221s] byte-compiling /home/aseel/scout_drone/install/drone_scout/lib/python3.10/site-packages/drone_scout/pymavlink_fence.py to pymavlink_fence.cpython-310.pyc
[1.224s] byte-compiling /home/aseel/scout_drone/install/drone_scout/lib/python3.10/site-packages/drone_scout/cam_csi.py to cam_csi.cpython-310.pyc
[1.226s] byte-compiling /home/aseel/scout_drone/install/drone_scout/lib/python3.10/site-packages/drone_scout/waypoint_generate.py to waypoint_generate.cpython-310.pyc
[1.232s] byte-compiling /home/aseel/scout_drone/install/drone_scout/lib/python3.10/site-packages/drone_scout/inference.py to inference.cpython-310.pyc
[1.234s] byte-compiling /home/aseel/scout_drone/install/drone_scout/lib/python3.10/site-packages/drone_scout/cam_test.py to cam_test.cpython-310.pyc
[1.235s] running install_data
[1.235s] running install_egg_info
[1.237s] Copying ../../build/drone_scout/drone_scout.egg-info to /home/aseel/scout_drone/install/drone_scout/lib/python3.10/site-packages/drone_scout-0.0.0-py3.10.egg-info
[1.238s] running install_scripts
[1.259s] Installing cam_csi script to /home/aseel/scout_drone/install/drone_scout/lib/drone_scout
[1.260s] Installing cam_test script to /home/aseel/scout_drone/install/drone_scout/lib/drone_scout
[1.260s] Installing drone_status script to /home/aseel/scout_drone/install/drone_scout/lib/drone_scout
[1.260s] Installing geotag script to /home/aseel/scout_drone/install/drone_scout/lib/drone_scout
[1.260s] Installing inference script to /home/aseel/scout_drone/install/drone_scout/lib/drone_scout
[1.261s] Installing waypoint_generate script to /home/aseel/scout_drone/install/drone_scout/lib/drone_scout
[1.262s] writing list of installed files to '/home/aseel/scout_drone/build/drone_scout/install.log'
[1.297s] Invoked command in '/home/aseel/scout_drone/src/drone_scout' returned '0': PYTHONPATH=/home/aseel/scout_drone/build/drone_scout/prefix_override:/usr/lib/python3/dist-packages/colcon_core/task/python/colcon_distutils_commands:/home/aseel/scout_drone/install/drone_scout/lib/python3.10/site-packages:${PYTHONPATH} /usr/bin/python3 -W ignore:setup.py install is deprecated -W ignore:easy_install command is deprecated setup.py egg_info --egg-base ../../build/drone_scout build --build-base /home/aseel/scout_drone/build/drone_scout/build install --record /home/aseel/scout_drone/build/drone_scout/install.log --single-version-externally-managed install_data
