[0.805s] Invoking command in '/home/aseel/scout_drone/src/drone_scout': PYTHONPATH=/home/aseel/scout_drone/build/drone_scout/prefix_override:/usr/lib/python3/dist-packages/colcon_core/task/python/colcon_distutils_commands:/home/aseel/scout_drone/install/drone_scout/lib/python3.10/site-packages:${PYTHONPATH} /usr/bin/python3 -W ignore:setup.py install is deprecated -W ignore:easy_install command is deprecated setup.py egg_info --egg-base ../../build/drone_scout build --build-base /home/aseel/scout_drone/build/drone_scout/build install --record /home/aseel/scout_drone/build/drone_scout/install.log --single-version-externally-managed install_data
[1.047s] running egg_info
[1.049s] writing ../../build/drone_scout/drone_scout.egg-info/PKG-INFO
[1.049s] writing dependency_links to ../../build/drone_scout/drone_scout.egg-info/dependency_links.txt
[1.050s] writing entry points to ../../build/drone_scout/drone_scout.egg-info/entry_points.txt
[1.050s] writing requirements to ../../build/drone_scout/drone_scout.egg-info/requires.txt
[1.051s] writing top-level names to ../../build/drone_scout/drone_scout.egg-info/top_level.txt
[1.053s] reading manifest file '../../build/drone_scout/drone_scout.egg-info/SOURCES.txt'
[1.054s] writing manifest file '../../build/drone_scout/drone_scout.egg-info/SOURCES.txt'
[1.055s] running build
[1.055s] running build_py
[1.056s] copying drone_scout/mission_commander.py -> /home/aseel/scout_drone/build/drone_scout/build/lib/drone_scout
[1.056s] running install
[1.057s] running install_lib
[1.058s] copying /home/aseel/scout_drone/build/drone_scout/build/lib/drone_scout/mission_commander.py -> /home/aseel/scout_drone/install/drone_scout/lib/python3.10/site-packages/drone_scout
[1.059s] byte-compiling /home/aseel/scout_drone/install/drone_scout/lib/python3.10/site-packages/drone_scout/mission_commander.py to mission_commander.cpython-310.pyc
[1.061s] running install_data
[1.061s] running install_egg_info
[1.064s] removing '/home/aseel/scout_drone/install/drone_scout/lib/python3.10/site-packages/drone_scout-0.0.0-py3.10.egg-info' (and everything under it)
[1.065s] Copying ../../build/drone_scout/drone_scout.egg-info to /home/aseel/scout_drone/install/drone_scout/lib/python3.10/site-packages/drone_scout-0.0.0-py3.10.egg-info
[1.066s] running install_scripts
[1.085s] Installing cam_csi script to /home/aseel/scout_drone/install/drone_scout/lib/drone_scout
[1.086s] Installing cam_gazebo script to /home/aseel/scout_drone/install/drone_scout/lib/drone_scout
[1.087s] Installing cam_test script to /home/aseel/scout_drone/install/drone_scout/lib/drone_scout
[1.087s] Installing drone_status script to /home/aseel/scout_drone/install/drone_scout/lib/drone_scout
[1.087s] Installing geotag script to /home/aseel/scout_drone/install/drone_scout/lib/drone_scout
[1.088s] Installing inference script to /home/aseel/scout_drone/install/drone_scout/lib/drone_scout
[1.089s] Installing mission_commander script to /home/aseel/scout_drone/install/drone_scout/lib/drone_scout
[1.090s] Installing waypoint_generate script to /home/aseel/scout_drone/install/drone_scout/lib/drone_scout
[1.090s] writing list of installed files to '/home/aseel/scout_drone/build/drone_scout/install.log'
[1.123s] Invoked command in '/home/aseel/scout_drone/src/drone_scout' returned '0': PYTHONPATH=/home/aseel/scout_drone/build/drone_scout/prefix_override:/usr/lib/python3/dist-packages/colcon_core/task/python/colcon_distutils_commands:/home/aseel/scout_drone/install/drone_scout/lib/python3.10/site-packages:${PYTHONPATH} /usr/bin/python3 -W ignore:setup.py install is deprecated -W ignore:easy_install command is deprecated setup.py egg_info --egg-base ../../build/drone_scout build --build-base /home/aseel/scout_drone/build/drone_scout/build install --record /home/aseel/scout_drone/build/drone_scout/install.log --single-version-externally-managed install_data
