[0.721s] Invoking command in '/home/aseel/scout_drone/src/drone_scout': PYTHONPATH=/home/aseel/scout_drone/build/drone_scout/prefix_override:/usr/lib/python3/dist-packages/colcon_core/task/python/colcon_distutils_commands:/home/aseel/scout_drone/install/drone_scout/lib/python3.10/site-packages:${PYTHONPATH} /usr/bin/python3 -W ignore:setup.py install is deprecated -W ignore:easy_install command is deprecated setup.py egg_info --egg-base ../../build/drone_scout build --build-base /home/aseel/scout_drone/build/drone_scout/build install --record /home/aseel/scout_drone/build/drone_scout/install.log --single-version-externally-managed install_data
[0.982s] running egg_info
[0.983s] writing ../../build/drone_scout/drone_scout.egg-info/PKG-INFO
[0.984s] writing dependency_links to ../../build/drone_scout/drone_scout.egg-info/dependency_links.txt
[0.984s] writing entry points to ../../build/drone_scout/drone_scout.egg-info/entry_points.txt
[0.985s] writing requirements to ../../build/drone_scout/drone_scout.egg-info/requires.txt
[0.985s] writing top-level names to ../../build/drone_scout/drone_scout.egg-info/top_level.txt
[0.987s] reading manifest file '../../build/drone_scout/drone_scout.egg-info/SOURCES.txt'
[0.988s] writing manifest file '../../build/drone_scout/drone_scout.egg-info/SOURCES.txt'
[0.989s] running build
[0.989s] running build_py
[0.989s] copying drone_scout/mission_commander.py -> /home/aseel/scout_drone/build/drone_scout/build/lib/drone_scout
[0.990s] running install
[0.990s] running install_lib
[0.991s] copying /home/aseel/scout_drone/build/drone_scout/build/lib/drone_scout/mission_commander.py -> /home/aseel/scout_drone/install/drone_scout/lib/python3.10/site-packages/drone_scout
[0.992s] byte-compiling /home/aseel/scout_drone/install/drone_scout/lib/python3.10/site-packages/drone_scout/mission_commander.py to mission_commander.cpython-310.pyc
[0.994s] running install_data
[0.994s] running install_egg_info
[0.997s] removing '/home/aseel/scout_drone/install/drone_scout/lib/python3.10/site-packages/drone_scout-0.0.0-py3.10.egg-info' (and everything under it)
[0.998s] Copying ../../build/drone_scout/drone_scout.egg-info to /home/aseel/scout_drone/install/drone_scout/lib/python3.10/site-packages/drone_scout-0.0.0-py3.10.egg-info
[0.999s] running install_scripts
[1.020s] Installing cam_csi script to /home/aseel/scout_drone/install/drone_scout/lib/drone_scout
[1.020s] Installing cam_gazebo script to /home/aseel/scout_drone/install/drone_scout/lib/drone_scout
[1.021s] Installing cam_test script to /home/aseel/scout_drone/install/drone_scout/lib/drone_scout
[1.021s] Installing demo script to /home/aseel/scout_drone/install/drone_scout/lib/drone_scout
[1.022s] Installing drone_status script to /home/aseel/scout_drone/install/drone_scout/lib/drone_scout
[1.022s] Installing geotag script to /home/aseel/scout_drone/install/drone_scout/lib/drone_scout
[1.022s] Installing inference script to /home/aseel/scout_drone/install/drone_scout/lib/drone_scout
[1.022s] Installing mission_commander script to /home/aseel/scout_drone/install/drone_scout/lib/drone_scout
[1.022s] Installing waypoint_generate script to /home/aseel/scout_drone/install/drone_scout/lib/drone_scout
[1.023s] writing list of installed files to '/home/aseel/scout_drone/build/drone_scout/install.log'
[1.059s] Invoked command in '/home/aseel/scout_drone/src/drone_scout' returned '0': PYTHONPATH=/home/aseel/scout_drone/build/drone_scout/prefix_override:/usr/lib/python3/dist-packages/colcon_core/task/python/colcon_distutils_commands:/home/aseel/scout_drone/install/drone_scout/lib/python3.10/site-packages:${PYTHONPATH} /usr/bin/python3 -W ignore:setup.py install is deprecated -W ignore:easy_install command is deprecated setup.py egg_info --egg-base ../../build/drone_scout build --build-base /home/aseel/scout_drone/build/drone_scout/build install --record /home/aseel/scout_drone/build/drone_scout/install.log --single-version-externally-managed install_data
