/home/aseel/scout_drone/install/drone_scout/lib/python3.10/site-packages/drone_scout/__init__.py
/home/aseel/scout_drone/install/drone_scout/lib/python3.10/site-packages/drone_scout/drone_status.py
/home/aseel/scout_drone/install/drone_scout/lib/python3.10/site-packages/drone_scout/geotag.py
/home/aseel/scout_drone/install/drone_scout/lib/python3.10/site-packages/drone_scout/pymavlink_fence.py
/home/aseel/scout_drone/install/drone_scout/lib/python3.10/site-packages/drone_scout/cam_csi.py
/home/aseel/scout_drone/install/drone_scout/lib/python3.10/site-packages/drone_scout/waypoint_generate.py
/home/aseel/scout_drone/install/drone_scout/lib/python3.10/site-packages/drone_scout/inference.py
/home/aseel/scout_drone/install/drone_scout/lib/python3.10/site-packages/drone_scout/cam_test.py
/home/aseel/scout_drone/install/drone_scout/lib/python3.10/site-packages/drone_scout/__pycache__/__init__.cpython-310.pyc
/home/aseel/scout_drone/install/drone_scout/lib/python3.10/site-packages/drone_scout/__pycache__/drone_status.cpython-310.pyc
/home/aseel/scout_drone/install/drone_scout/lib/python3.10/site-packages/drone_scout/__pycache__/geotag.cpython-310.pyc
/home/aseel/scout_drone/install/drone_scout/lib/python3.10/site-packages/drone_scout/__pycache__/pymavlink_fence.cpython-310.pyc
/home/aseel/scout_drone/install/drone_scout/lib/python3.10/site-packages/drone_scout/__pycache__/cam_csi.cpython-310.pyc
/home/aseel/scout_drone/install/drone_scout/lib/python3.10/site-packages/drone_scout/__pycache__/waypoint_generate.cpython-310.pyc
/home/aseel/scout_drone/install/drone_scout/lib/python3.10/site-packages/drone_scout/__pycache__/inference.cpython-310.pyc
/home/aseel/scout_drone/install/drone_scout/lib/python3.10/site-packages/drone_scout/__pycache__/cam_test.cpython-310.pyc
/home/aseel/scout_drone/install/drone_scout/share/ament_index/resource_index/packages/drone_scout
/home/aseel/scout_drone/install/drone_scout/share/drone_scout/package.xml
/home/aseel/scout_drone/install/drone_scout/share/drone_scout/launch/ardupilot_sim.launch.py
/home/aseel/scout_drone/install/drone_scout/share/drone_scout/launch/demo_launch.py
/home/aseel/scout_drone/install/drone_scout/share/drone_scout/launch/scout_launch.py
/home/aseel/scout_drone/install/drone_scout/lib/python3.10/site-packages/drone_scout-0.0.0-py3.10.egg-info/entry_points.txt
/home/aseel/scout_drone/install/drone_scout/lib/python3.10/site-packages/drone_scout-0.0.0-py3.10.egg-info/dependency_links.txt:Zone.Identifier
/home/aseel/scout_drone/install/drone_scout/lib/python3.10/site-packages/drone_scout-0.0.0-py3.10.egg-info/requires.txt:Zone.Identifier
/home/aseel/scout_drone/install/drone_scout/lib/python3.10/site-packages/drone_scout-0.0.0-py3.10.egg-info/PKG-INFO
/home/aseel/scout_drone/install/drone_scout/lib/python3.10/site-packages/drone_scout-0.0.0-py3.10.egg-info/PKG-INFO:Zone.Identifier
/home/aseel/scout_drone/install/drone_scout/lib/python3.10/site-packages/drone_scout-0.0.0-py3.10.egg-info/zip-safe
/home/aseel/scout_drone/install/drone_scout/lib/python3.10/site-packages/drone_scout-0.0.0-py3.10.egg-info/SOURCES.txt:Zone.Identifier
/home/aseel/scout_drone/install/drone_scout/lib/python3.10/site-packages/drone_scout-0.0.0-py3.10.egg-info/dependency_links.txt
/home/aseel/scout_drone/install/drone_scout/lib/python3.10/site-packages/drone_scout-0.0.0-py3.10.egg-info/top_level.txt
/home/aseel/scout_drone/install/drone_scout/lib/python3.10/site-packages/drone_scout-0.0.0-py3.10.egg-info/entry_points.txt:Zone.Identifier
/home/aseel/scout_drone/install/drone_scout/lib/python3.10/site-packages/drone_scout-0.0.0-py3.10.egg-info/SOURCES.txt
/home/aseel/scout_drone/install/drone_scout/lib/python3.10/site-packages/drone_scout-0.0.0-py3.10.egg-info/zip-safe:Zone.Identifier
/home/aseel/scout_drone/install/drone_scout/lib/python3.10/site-packages/drone_scout-0.0.0-py3.10.egg-info/top_level.txt:Zone.Identifier
/home/aseel/scout_drone/install/drone_scout/lib/python3.10/site-packages/drone_scout-0.0.0-py3.10.egg-info/requires.txt
/home/aseel/scout_drone/install/drone_scout/lib/drone_scout/cam_csi
/home/aseel/scout_drone/install/drone_scout/lib/drone_scout/cam_test
/home/aseel/scout_drone/install/drone_scout/lib/drone_scout/drone_status
/home/aseel/scout_drone/install/drone_scout/lib/drone_scout/geotag
/home/aseel/scout_drone/install/drone_scout/lib/drone_scout/inference
/home/aseel/scout_drone/install/drone_scout/lib/drone_scout/waypoint_generate
