[2.618s] Invoking command in '/home/aseel/scout_drone/src/drone_scout': PYTHONPATH=/home/aseel/scout_drone/build/drone_scout/prefix_override:/usr/lib/python3/dist-packages/colcon_core/task/python/colcon_distutils_commands:/home/aseel/scout_drone/install/drone_scout/lib/python3.10/site-packages:${PYTHONPATH} /usr/bin/python3 -W ignore:setup.py install is deprecated -W ignore:easy_install command is deprecated setup.py egg_info --egg-base ../../build/drone_scout build --build-base /home/aseel/scout_drone/build/drone_scout/build install --record /home/aseel/scout_drone/build/drone_scout/install.log --single-version-externally-managed install_data
[3.399s] running egg_info
[3.401s] writing ../../build/drone_scout/drone_scout.egg-info/PKG-INFO
[3.401s] writing dependency_links to ../../build/drone_scout/drone_scout.egg-info/dependency_links.txt
[3.402s] writing entry points to ../../build/drone_scout/drone_scout.egg-info/entry_points.txt
[3.403s] writing requirements to ../../build/drone_scout/drone_scout.egg-info/requires.txt
[3.403s] writing top-level names to ../../build/drone_scout/drone_scout.egg-info/top_level.txt
[3.410s] reading manifest file '../../build/drone_scout/drone_scout.egg-info/SOURCES.txt'
[3.412s] writing manifest file '../../build/drone_scout/drone_scout.egg-info/SOURCES.txt'
[3.413s] running build
[3.413s] running build_py
[3.417s] running install
[3.418s] running install_lib
[3.418s] running install_data
[3.419s] copying launch/demo_launch.py -> /home/aseel/scout_drone/install/drone_scout/share/drone_scout/launch
[3.420s] running install_egg_info
[3.425s] removing '/home/aseel/scout_drone/install/drone_scout/lib/python3.10/site-packages/drone_scout-0.0.0-py3.10.egg-info' (and everything under it)
[3.428s] Copying ../../build/drone_scout/drone_scout.egg-info to /home/aseel/scout_drone/install/drone_scout/lib/python3.10/site-packages/drone_scout-0.0.0-py3.10.egg-info
[3.434s] running install_scripts
[3.494s] Installing cam_csi script to /home/aseel/scout_drone/install/drone_scout/lib/drone_scout
[3.494s] Installing cam_test script to /home/aseel/scout_drone/install/drone_scout/lib/drone_scout
[3.494s] Installing drone_status script to /home/aseel/scout_drone/install/drone_scout/lib/drone_scout
[3.495s] Installing geotag script to /home/aseel/scout_drone/install/drone_scout/lib/drone_scout
[3.495s] Installing inference script to /home/aseel/scout_drone/install/drone_scout/lib/drone_scout
[3.495s] Installing waypoint_generate script to /home/aseel/scout_drone/install/drone_scout/lib/drone_scout
[3.496s] writing list of installed files to '/home/aseel/scout_drone/build/drone_scout/install.log'
[3.574s] Invoked command in '/home/aseel/scout_drone/src/drone_scout' returned '0': PYTHONPATH=/home/aseel/scout_drone/build/drone_scout/prefix_override:/usr/lib/python3/dist-packages/colcon_core/task/python/colcon_distutils_commands:/home/aseel/scout_drone/install/drone_scout/lib/python3.10/site-packages:${PYTHONPATH} /usr/bin/python3 -W ignore:setup.py install is deprecated -W ignore:easy_install command is deprecated setup.py egg_info --egg-base ../../build/drone_scout build --build-base /home/aseel/scout_drone/build/drone_scout/build install --record /home/aseel/scout_drone/build/drone_scout/install.log --single-version-externally-managed install_data
