[1.012s] Invoking command in '/home/aseel/scout_drone/src/drone_scout': PYTHONPATH=/home/aseel/scout_drone/build/drone_scout/prefix_override:/usr/lib/python3/dist-packages/colcon_core/task/python/colcon_distutils_commands:/home/aseel/scout_drone/install/drone_scout/lib/python3.10/site-packages:${PYTHONPATH} /usr/bin/python3 -W ignore:setup.py install is deprecated -W ignore:easy_install command is deprecated setup.py egg_info --egg-base ../../build/drone_scout build --build-base /home/aseel/scout_drone/build/drone_scout/build install --record /home/aseel/scout_drone/build/drone_scout/install.log --single-version-externally-managed install_data
[1.391s] running egg_info
[1.395s] writing ../../build/drone_scout/drone_scout.egg-info/PKG-INFO
[1.396s] writing dependency_links to ../../build/drone_scout/drone_scout.egg-info/dependency_links.txt
[1.397s] writing entry points to ../../build/drone_scout/drone_scout.egg-info/entry_points.txt
[1.397s] writing requirements to ../../build/drone_scout/drone_scout.egg-info/requires.txt
[1.397s] writing top-level names to ../../build/drone_scout/drone_scout.egg-info/top_level.txt
[1.402s] reading manifest file '../../build/drone_scout/drone_scout.egg-info/SOURCES.txt'
[1.405s] writing manifest file '../../build/drone_scout/drone_scout.egg-info/SOURCES.txt'
[1.406s] running build
[1.406s] running build_py
[1.407s] running install
[1.408s] running install_lib
[1.413s] running install_data
[1.414s] copying launch/demo_launch.py -> /home/aseel/scout_drone/install/drone_scout/share/drone_scout/launch
[1.414s] running install_egg_info
[1.418s] removing '/home/aseel/scout_drone/install/drone_scout/lib/python3.10/site-packages/drone_scout-0.0.0-py3.10.egg-info' (and everything under it)
[1.418s] Copying ../../build/drone_scout/drone_scout.egg-info to /home/aseel/scout_drone/install/drone_scout/lib/python3.10/site-packages/drone_scout-0.0.0-py3.10.egg-info
[1.421s] running install_scripts
[1.444s] Installing cam_csi script to /home/aseel/scout_drone/install/drone_scout/lib/drone_scout
[1.445s] Installing cam_gazebo script to /home/aseel/scout_drone/install/drone_scout/lib/drone_scout
[1.445s] Installing cam_test script to /home/aseel/scout_drone/install/drone_scout/lib/drone_scout
[1.446s] Installing cam_usb script to /home/aseel/scout_drone/install/drone_scout/lib/drone_scout
[1.446s] Installing demo script to /home/aseel/scout_drone/install/drone_scout/lib/drone_scout
[1.446s] Installing drone_status script to /home/aseel/scout_drone/install/drone_scout/lib/drone_scout
[1.447s] Installing geotag script to /home/aseel/scout_drone/install/drone_scout/lib/drone_scout
[1.447s] Installing inference script to /home/aseel/scout_drone/install/drone_scout/lib/drone_scout
[1.448s] Installing mission_commander script to /home/aseel/scout_drone/install/drone_scout/lib/drone_scout
[1.448s] Installing waypoint_generate script to /home/aseel/scout_drone/install/drone_scout/lib/drone_scout
[1.451s] writing list of installed files to '/home/aseel/scout_drone/build/drone_scout/install.log'
[1.499s] Invoked command in '/home/aseel/scout_drone/src/drone_scout' returned '0': PYTHONPATH=/home/aseel/scout_drone/build/drone_scout/prefix_override:/usr/lib/python3/dist-packages/colcon_core/task/python/colcon_distutils_commands:/home/aseel/scout_drone/install/drone_scout/lib/python3.10/site-packages:${PYTHONPATH} /usr/bin/python3 -W ignore:setup.py install is deprecated -W ignore:easy_install command is deprecated setup.py egg_info --egg-base ../../build/drone_scout build --build-base /home/aseel/scout_drone/build/drone_scout/build install --record /home/aseel/scout_drone/build/drone_scout/install.log --single-version-externally-managed install_data
