[1.612s] Invoking command in '/home/aseel/scout_drone/src/drone_scout': PYTHONPATH=/home/aseel/scout_drone/build/drone_scout/prefix_override:/usr/lib/python3/dist-packages/colcon_core/task/python/colcon_distutils_commands:/home/aseel/scout_drone/install/drone_scout/lib/python3.10/site-packages:${PYTHONPATH} /usr/bin/python3 -W ignore:setup.py install is deprecated -W ignore:easy_install command is deprecated setup.py egg_info --egg-base ../../build/drone_scout build --build-base /home/aseel/scout_drone/build/drone_scout/build install --record /home/aseel/scout_drone/build/drone_scout/install.log --single-version-externally-managed install_data
[2.199s] running egg_info
[2.207s] writing ../../build/drone_scout/drone_scout.egg-info/PKG-INFO
[2.208s] writing dependency_links to ../../build/drone_scout/drone_scout.egg-info/dependency_links.txt
[2.213s] writing entry points to ../../build/drone_scout/drone_scout.egg-info/entry_points.txt
[2.214s] writing requirements to ../../build/drone_scout/drone_scout.egg-info/requires.txt
[2.214s] writing top-level names to ../../build/drone_scout/drone_scout.egg-info/top_level.txt
[2.218s] reading manifest file '../../build/drone_scout/drone_scout.egg-info/SOURCES.txt'
[2.221s] writing manifest file '../../build/drone_scout/drone_scout.egg-info/SOURCES.txt'
[2.221s] running build
[2.222s] running build_py
[2.222s] copying drone_scout/drone_status.py -> /home/aseel/scout_drone/build/drone_scout/build/lib/drone_scout
[2.223s] copying drone_scout/inference.py -> /home/aseel/scout_drone/build/drone_scout/build/lib/drone_scout
[2.225s] running install
[2.226s] running install_lib
[2.230s] copying /home/aseel/scout_drone/build/drone_scout/build/lib/drone_scout/drone_status.py -> /home/aseel/scout_drone/install/drone_scout/lib/python3.10/site-packages/drone_scout
[2.231s] copying /home/aseel/scout_drone/build/drone_scout/build/lib/drone_scout/inference.py -> /home/aseel/scout_drone/install/drone_scout/lib/python3.10/site-packages/drone_scout
[2.232s] byte-compiling /home/aseel/scout_drone/install/drone_scout/lib/python3.10/site-packages/drone_scout/drone_status.py to drone_status.cpython-310.pyc
[2.236s] byte-compiling /home/aseel/scout_drone/install/drone_scout/lib/python3.10/site-packages/drone_scout/inference.py to inference.cpython-310.pyc
[2.242s] running install_data
[2.242s] running install_egg_info
[2.247s] removing '/home/aseel/scout_drone/install/drone_scout/lib/python3.10/site-packages/drone_scout-0.0.0-py3.10.egg-info' (and everything under it)
[2.257s] Copying ../../build/drone_scout/drone_scout.egg-info to /home/aseel/scout_drone/install/drone_scout/lib/python3.10/site-packages/drone_scout-0.0.0-py3.10.egg-info
[2.261s] running install_scripts
[2.308s] Installing cam_csi script to /home/aseel/scout_drone/install/drone_scout/lib/drone_scout
[2.309s] Installing cam_test script to /home/aseel/scout_drone/install/drone_scout/lib/drone_scout
[2.312s] Installing drone_status script to /home/aseel/scout_drone/install/drone_scout/lib/drone_scout
[2.312s] Installing geotag script to /home/aseel/scout_drone/install/drone_scout/lib/drone_scout
[2.314s] Installing inference script to /home/aseel/scout_drone/install/drone_scout/lib/drone_scout
[2.314s] Installing waypoint_generate script to /home/aseel/scout_drone/install/drone_scout/lib/drone_scout
[2.314s] writing list of installed files to '/home/aseel/scout_drone/build/drone_scout/install.log'
[2.368s] Invoked command in '/home/aseel/scout_drone/src/drone_scout' returned '0': PYTHONPATH=/home/aseel/scout_drone/build/drone_scout/prefix_override:/usr/lib/python3/dist-packages/colcon_core/task/python/colcon_distutils_commands:/home/aseel/scout_drone/install/drone_scout/lib/python3.10/site-packages:${PYTHONPATH} /usr/bin/python3 -W ignore:setup.py install is deprecated -W ignore:easy_install command is deprecated setup.py egg_info --egg-base ../../build/drone_scout build --build-base /home/aseel/scout_drone/build/drone_scout/build install --record /home/aseel/scout_drone/build/drone_scout/install.log --single-version-externally-managed install_data
